=== 应用启动时间: 2026-03-12 09:33:22 ===

[2026-03-12 09:35:02] [INFO] 检测到可用摄像头索引: [0, 1]
[2026-03-12 09:35:02] [INFO] 权限级别 0 允许查看的摄像头: [0]
[2026-03-12 09:35:03] [INFO] YOLO 模型加载完成
[2026-03-12 09:35:03] [INFO] YOLO 检测线程已启动
[2026-03-12 09:35:06] [WARN] 前门摄像头确认检测到目标 | 
[2026-03-12 09:35:16] [INFO] 切换到视频处理模式
[2026-03-12 09:35:18] [INFO] 切换到摄像头检测模式
[2026-03-12 09:35:52] [INFO] YOLO 检测线程已停止
[2026-03-12 09:35:52] [INFO] YOLO 检测线程已停止
=== 应用启动时间: 2026-03-12 09:36:05 ===

[2026-03-12 09:36:21] [INFO] 检测到可用摄像头索引: [0, 1]
[2026-03-12 09:36:21] [INFO] 权限级别 5 允许查看的摄像头: [0, 1, 2, 3]
[2026-03-12 09:36:21] [INFO] YOLO 模型加载完成
[2026-03-12 09:36:21] [INFO] YOLO 检测线程已启动
[2026-03-12 09:36:21] [INFO] YOLO 模型加载完成
[2026-03-12 09:36:21] [INFO] YOLO 检测线程已启动
[2026-03-12 09:36:26] [WARN] 前门摄像头确认检测到目标 | 
[2026-03-12 09:36:38] [INFO] 切换到视频处理模式
[2026-03-12 09:36:40] [INFO] 切换到用户管理模式
[2026-03-12 09:36:46] [INFO] 切换到配置管理模式
[2026-03-12 09:36:53] [INFO] 摄像头配置重新加载成功
[2026-03-12 09:36:54] [INFO] 切换到摄像头检测模式
[2026-03-12 09:37:00] [INFO] 切换到配置管理模式
[2026-03-12 09:37:27] [INFO] 更新摄像头名称: 索引2 -> 后门摄像头
[2026-03-12 09:37:51] [INFO] 添加摄像头到权限1: 索引2
[2026-03-12 09:37:54] [INFO] 添加摄像头到权限1: 索引3
[2026-03-12 09:37:58] [INFO] 摄像头配置保存成功
[2026-03-12 09:38:08] [INFO] 摄像头配置保存成功
[2026-03-12 09:38:19] [INFO] 切换到用户管理模式
[2026-03-12 09:38:36] [INFO] YOLO 检测线程已停止
[2026-03-12 09:38:37] [INFO] YOLO 检测线程已停止
[2026-03-12 09:38:37] [INFO] YOLO 检测线程已停止
[2026-03-12 09:38:37] [INFO] YOLO 检测线程已停止
=== 应用启动时间: 2026-03-12 09:38:46 ===

