=== 应用启动时间: 2026-01-10 21:04:57 ===

[2026-01-10 21:05:22] [INFO] 检测到可用摄像头索引: [0, 1]
[2026-01-10 21:05:22] [INFO] 权限级别 5 允许查看的摄像头: [0, 1, 2, 3, 4, 5]
[2026-01-10 21:05:23] [INFO] YOLO 模型加载完成
[2026-01-10 21:05:23] [INFO] YOLO 检测线程已启动
[2026-01-10 21:05:23] [INFO] YOLO 模型加载完成
[2026-01-10 21:05:23] [INFO] YOLO 检测线程已启动
[2026-01-10 21:05:28] [INFO] 切换到配置管理模式
[2026-01-10 21:05:34] [INFO] 切换到摄像头检测模式
=== 应用启动时间: 2026-01-10 21:09:41 ===

[2026-01-10 21:10:21] [INFO] 检测到可用摄像头索引: [0, 1]
[2026-01-10 21:10:21] [INFO] 权限级别 5 允许查看的摄像头: [0, 1, 2, 3, 4, 5]
[2026-01-10 21:10:21] [INFO] YOLO 模型加载完成
[2026-01-10 21:10:21] [INFO] YOLO 检测线程已启动
[2026-01-10 21:10:21] [INFO] YOLO 模型加载完成
[2026-01-10 21:10:21] [INFO] YOLO 检测线程已启动
[2026-01-10 21:10:24] [INFO] 切换到配置管理模式
[2026-01-10 21:10:30] [INFO] 从权限5移除摄像头: 索引5
[2026-01-10 21:10:32] [INFO] 从权限5移除摄像头: 索引4
[2026-01-10 21:10:46] [INFO] 从权限0移除摄像头: 索引5
[2026-01-10 21:10:59] [INFO] 切换到用户管理模式
[2026-01-10 21:11:02] [INFO] 切换到配置管理模式
[2026-01-10 21:11:15] [INFO] 摄像头配置保存成功
[2026-01-10 21:11:19] [INFO] YOLO 检测线程已停止
=== 应用启动时间: 2026-01-10 21:11:27 ===

[2026-01-10 21:12:48] [INFO] 检测到可用摄像头索引: [0, 1]
[2026-01-10 21:12:48] [INFO] 权限级别 5 允许查看的摄像头: [0, 1, 2, 3]
[2026-01-10 21:12:48] [INFO] YOLO 模型加载完成
[2026-01-10 21:12:48] [INFO] YOLO 检测线程已启动
[2026-01-10 21:12:48] [INFO] YOLO 模型加载完成
[2026-01-10 21:12:48] [INFO] YOLO 检测线程已启动
[2026-01-10 21:12:52] [INFO] 切换到配置管理模式
=== 应用启动时间: 2026-01-10 21:21:19 ===

[2026-01-10 21:21:38] [INFO] 权限级别 5 允许查看的摄像头: [0, 1, 2, 3]
=== 应用启动时间: 2026-01-10 21:22:55 ===

=== 应用启动时间: 2026-01-10 21:29:18 ===

[2026-01-10 21:29:36] [INFO] 检测到可用摄像头索引: [0, 1]
[2026-01-10 21:29:36] [INFO] 权限级别 5 允许查看的摄像头: [0, 1, 2, 3]
[2026-01-10 21:29:36] [INFO] YOLO 模型加载完成
[2026-01-10 21:29:36] [INFO] YOLO 检测线程已启动
[2026-01-10 21:29:36] [INFO] YOLO 模型加载完成
[2026-01-10 21:29:36] [INFO] YOLO 检测线程已启动
[2026-01-10 21:30:15] [INFO] 切换到配置管理模式
[2026-01-10 21:30:32] [INFO] YOLO 检测线程已停止
[2026-01-10 21:30:33] [INFO] YOLO 检测线程已停止
[2026-01-10 21:30:33] [INFO] YOLO 检测线程已停止
[2026-01-10 21:30:33] [INFO] YOLO 检测线程已停止
=== 应用启动时间: 2026-01-10 21:34:05 ===

=== 应用启动时间: 2026-01-10 21:41:25 ===

[2026-01-10 21:41:41] [INFO] 检测到可用摄像头索引: [0, 1]
[2026-01-10 21:41:41] [INFO] 权限级别 5 允许查看的摄像头: [0, 1, 2, 3]
[2026-01-10 21:41:42] [INFO] YOLO 模型加载完成
[2026-01-10 21:41:42] [INFO] YOLO 检测线程已启动
[2026-01-10 21:41:42] [INFO] YOLO 模型加载完成
[2026-01-10 21:41:42] [INFO] YOLO 检测线程已启动
[2026-01-10 21:41:44] [INFO] 切换到配置管理模式
[2026-01-10 21:42:11] [INFO] 切换到用户管理模式
[2026-01-10 21:42:13] [WARN] 客厅摄像头确认检测到目标 | 
[2026-01-10 21:42:20] [WARN] 客厅摄像头确认检测到目标 | 
[2026-01-10 21:42:28] [INFO] 切换到摄像头检测模式
[2026-01-10 21:42:29] [INFO] 切换到配置管理模式
[2026-01-10 21:42:33] [INFO] 摄像头配置保存成功
=== 应用启动时间: 2026-01-10 21:42:57 ===

[2026-01-10 21:43:17] [INFO] 检测到可用摄像头索引: [0, 1]
[2026-01-10 21:43:17] [INFO] 权限级别 0 允许查看的摄像头: [0]
[2026-01-10 21:43:17] [INFO] YOLO 模型加载完成
[2026-01-10 21:43:17] [INFO] YOLO 检测线程已启动
[2026-01-10 21:43:20] [INFO] 切换到视频处理模式
[2026-01-10 21:43:21] [INFO] 切换到摄像头检测模式
[2026-01-10 21:43:23] [INFO] 切换到视频处理模式
[2026-01-10 21:43:23] [INFO] 切换到摄像头检测模式
[2026-01-10 21:43:25] [INFO] 切换到视频处理模式
[2026-01-10 21:43:25] [INFO] 切换到摄像头检测模式
=== 应用启动时间: 2026-01-10 21:45:35 ===

[2026-01-10 21:45:50] [INFO] 检测到可用摄像头索引: [0, 1]
[2026-01-10 21:45:50] [INFO] 权限级别 4 允许查看的摄像头: [0, 1, 2, 3]
[2026-01-10 21:45:50] [INFO] YOLO 模型加载完成
[2026-01-10 21:45:50] [INFO] YOLO 检测线程已启动
[2026-01-10 21:45:51] [INFO] YOLO 模型加载完成
[2026-01-10 21:45:51] [INFO] YOLO 检测线程已启动
[2026-01-10 21:45:59] [INFO] 切换到视频处理模式
[2026-01-10 21:45:59] [INFO] 切换到摄像头检测模式
=== 应用启动时间: 2026-01-10 21:46:12 ===

[2026-01-10 21:46:29] [INFO] 检测到可用摄像头索引: [0, 1]
[2026-01-10 21:46:29] [INFO] 权限级别 5 允许查看的摄像头: [0, 1, 2, 3]
[2026-01-10 21:46:30] [INFO] YOLO 模型加载完成
[2026-01-10 21:46:30] [INFO] YOLO 检测线程已启动
[2026-01-10 21:46:30] [INFO] YOLO 模型加载完成
[2026-01-10 21:46:30] [INFO] YOLO 检测线程已启动
[2026-01-10 21:46:36] [INFO] YOLO 检测线程已停止
[2026-01-10 21:46:37] [INFO] YOLO 检测线程已停止
[2026-01-10 21:46:37] [INFO] YOLO 检测线程已停止
[2026-01-10 21:46:37] [INFO] YOLO 检测线程已停止
=== 应用启动时间: 2026-01-10 21:49:52 ===

[2026-01-10 21:51:19] [INFO] 检测到可用摄像头索引: [0, 1]
[2026-01-10 21:51:19] [INFO] 权限级别 0 允许查看的摄像头: [0]
[2026-01-10 21:51:20] [INFO] YOLO 模型加载完成
[2026-01-10 21:51:20] [INFO] YOLO 检测线程已启动
[2026-01-10 21:51:39] [WARN] 前门摄像头确认检测到目标 | 
