=== 应用启动时间: 2026-01-10 21:04:57 ===

[2026-01-10 21:05:20] [STDOUT] 管理员登录成功！
[2026-01-10 21:05:20] [STDOUT] 打开主窗口成功，权限级别: 5
[2026-01-10 21:05:22] [STDOUT] 添加可用摄像头: 前门摄像头 (索引 0)
[2026-01-10 21:05:22] [STDOUT] 添加可用摄像头: 客厅摄像头 (索引 1)
[2026-01-10 21:05:22] [STDOUT] 添加不可用摄像头占位: 公园摄像头 (索引 2)
[2026-01-10 21:05:22] [STDOUT] 添加不可用摄像头占位: 厨房摄像头 (索引 3)
[2026-01-10 21:05:22] [STDOUT] 添加不可用摄像头占位: cam4 (索引 4)
[2026-01-10 21:05:22] [STDOUT] 添加不可用摄像头占位: cam5 (索引 5)
[2026-01-10 21:05:23] [STDOUT] 音频报警管理器初始化完成
[2026-01-10 21:05:23] [STDOUT] 成功创建摄像头: 前门摄像头 (索引 0)
[2026-01-10 21:05:23] [STDOUT] 成功创建摄像头: 客厅摄像头 (索引 1)
[2026-01-10 21:05:23] [STDOUT] 创建摄像头 公园摄像头 (索引 2) 失败: 无法打开摄像头索引 2。
[2026-01-10 21:05:23] [STDOUT] 摄像头 公园摄像头 (索引 2) 创建失败，已创建占位组件
[2026-01-10 21:05:23] [STDOUT] 创建摄像头 厨房摄像头 (索引 3) 失败: 无法打开摄像头索引 3。
[2026-01-10 21:05:23] [STDOUT] 摄像头 厨房摄像头 (索引 3) 创建失败，已创建占位组件
[2026-01-10 21:05:23] [STDOUT] 创建摄像头 cam4 (索引 4) 失败: 无法打开摄像头索引 4。
[2026-01-10 21:05:23] [STDOUT] 摄像头 cam4 (索引 4) 创建失败，已创建占位组件
[2026-01-10 21:05:23] [STDOUT] 创建摄像头 cam5 (索引 5) 失败: 无法打开摄像头索引 5。
[2026-01-10 21:05:23] [STDOUT] 摄像头 cam5 (索引 5) 创建失败，已创建占位组件
[2026-01-10 21:05:23] [STDOUT] 
警告: 4 个摄像头创建失败:
[2026-01-10 21:05:23] [STDOUT]   - 公园摄像头 (索引 2): 创建失败
[2026-01-10 21:05:23] [STDOUT]   - 厨房摄像头 (索引 3): 创建失败
[2026-01-10 21:05:23] [STDOUT]   - cam4 (索引 4): 创建失败
[2026-01-10 21:05:23] [STDOUT]   - cam5 (索引 5): 创建失败
[2026-01-10 21:05:23] [STDOUT] 
提示: 如果安装了OBS虚拟摄像头插件，可能需要:
[2026-01-10 21:05:23] [STDOUT]   1. 检查设备管理器中的摄像头设备
[2026-01-10 21:05:23] [STDOUT]   2. 尝试使用其他摄像头索引
[2026-01-10 21:05:23] [STDOUT]   3. 临时禁用OBS虚拟摄像头插件
[2026-01-10 21:05:28] [STDOUT] 切换到配置管理模式
[2026-01-10 21:05:34] [STDOUT] 切换到摄像头检测模式，当前索引: 3
[2026-01-10 21:05:34] [STDOUT] 切换后索引: 0
=== 应用启动时间: 2026-01-10 21:09:41 ===

[2026-01-10 21:10:19] [STDOUT] 管理员登录成功！
[2026-01-10 21:10:19] [STDOUT] 打开主窗口成功，权限级别: 5
[2026-01-10 21:10:21] [STDOUT] 添加可用摄像头: 前门摄像头 (索引 0)
[2026-01-10 21:10:21] [STDOUT] 添加可用摄像头: 客厅摄像头 (索引 1)
[2026-01-10 21:10:21] [STDOUT] 添加不可用摄像头占位: 公园摄像头 (索引 2)
[2026-01-10 21:10:21] [STDOUT] 添加不可用摄像头占位: 厨房摄像头 (索引 3)
[2026-01-10 21:10:21] [STDOUT] 添加不可用摄像头占位: cam4 (索引 4)
[2026-01-10 21:10:21] [STDOUT] 添加不可用摄像头占位: cam5 (索引 5)
[2026-01-10 21:10:21] [STDOUT] 音频报警管理器初始化完成
[2026-01-10 21:10:21] [STDOUT] 成功创建摄像头: 前门摄像头 (索引 0)
[2026-01-10 21:10:21] [STDOUT] 成功创建摄像头: 客厅摄像头 (索引 1)
[2026-01-10 21:10:21] [STDOUT] 创建摄像头 公园摄像头 (索引 2) 失败: 无法打开摄像头索引 2。
[2026-01-10 21:10:21] [STDOUT] 摄像头 公园摄像头 (索引 2) 创建失败，已创建占位组件
[2026-01-10 21:10:22] [STDOUT] 创建摄像头 厨房摄像头 (索引 3) 失败: 无法打开摄像头索引 3。
[2026-01-10 21:10:22] [STDOUT] 摄像头 厨房摄像头 (索引 3) 创建失败，已创建占位组件
[2026-01-10 21:10:22] [STDOUT] 创建摄像头 cam4 (索引 4) 失败: 无法打开摄像头索引 4。
[2026-01-10 21:10:22] [STDOUT] 摄像头 cam4 (索引 4) 创建失败，已创建占位组件
[2026-01-10 21:10:22] [STDOUT] 创建摄像头 cam5 (索引 5) 失败: 无法打开摄像头索引 5。
[2026-01-10 21:10:22] [STDOUT] 摄像头 cam5 (索引 5) 创建失败，已创建占位组件
[2026-01-10 21:10:22] [STDOUT] 
警告: 4 个摄像头创建失败:
[2026-01-10 21:10:22] [STDOUT]   - 公园摄像头 (索引 2): 创建失败
[2026-01-10 21:10:22] [STDOUT]   - 厨房摄像头 (索引 3): 创建失败
[2026-01-10 21:10:22] [STDOUT]   - cam4 (索引 4): 创建失败
[2026-01-10 21:10:22] [STDOUT]   - cam5 (索引 5): 创建失败
[2026-01-10 21:10:22] [STDOUT] 
提示: 如果安装了OBS虚拟摄像头插件，可能需要:
[2026-01-10 21:10:22] [STDOUT]   1. 检查设备管理器中的摄像头设备
[2026-01-10 21:10:22] [STDOUT]   2. 尝试使用其他摄像头索引
[2026-01-10 21:10:22] [STDOUT]   3. 临时禁用OBS虚拟摄像头插件
[2026-01-10 21:10:24] [STDOUT] 切换到配置管理模式
[2026-01-10 21:10:59] [STDOUT] 切换到用户管理模式
[2026-01-10 21:11:02] [STDOUT] 切换到配置管理模式
=== 应用启动时间: 2026-01-10 21:11:27 ===

[2026-01-10 21:12:46] [STDOUT] 管理员登录成功！
[2026-01-10 21:12:46] [STDOUT] 打开主窗口成功，权限级别: 5
[2026-01-10 21:12:48] [STDOUT] 添加可用摄像头: 前门摄像头 (索引 0)
[2026-01-10 21:12:48] [STDOUT] 添加可用摄像头: 客厅摄像头 (索引 1)
[2026-01-10 21:12:48] [STDOUT] 添加不可用摄像头占位: 公园摄像头 (索引 2)
[2026-01-10 21:12:48] [STDOUT] 添加不可用摄像头占位: 厨房摄像头 (索引 3)
[2026-01-10 21:12:48] [STDOUT] 音频报警管理器初始化完成
[2026-01-10 21:12:48] [STDOUT] 成功创建摄像头: 前门摄像头 (索引 0)
[2026-01-10 21:12:48] [STDOUT] 成功创建摄像头: 客厅摄像头 (索引 1)
[2026-01-10 21:12:48] [STDOUT] 创建摄像头 公园摄像头 (索引 2) 失败: 无法打开摄像头索引 2。
[2026-01-10 21:12:48] [STDOUT] 摄像头 公园摄像头 (索引 2) 创建失败，已创建占位组件
[2026-01-10 21:12:49] [STDOUT] 创建摄像头 厨房摄像头 (索引 3) 失败: 无法打开摄像头索引 3。
[2026-01-10 21:12:49] [STDOUT] 摄像头 厨房摄像头 (索引 3) 创建失败，已创建占位组件
[2026-01-10 21:12:49] [STDOUT] 
警告: 2 个摄像头创建失败:
[2026-01-10 21:12:49] [STDOUT]   - 公园摄像头 (索引 2): 创建失败
[2026-01-10 21:12:49] [STDOUT]   - 厨房摄像头 (索引 3): 创建失败
[2026-01-10 21:12:49] [STDOUT] 
提示: 如果安装了OBS虚拟摄像头插件，可能需要:
[2026-01-10 21:12:49] [STDOUT]   1. 检查设备管理器中的摄像头设备
[2026-01-10 21:12:49] [STDOUT]   2. 尝试使用其他摄像头索引
[2026-01-10 21:12:49] [STDOUT]   3. 临时禁用OBS虚拟摄像头插件
[2026-01-10 21:12:52] [STDOUT] 切换到配置管理模式
=== 应用启动时间: 2026-01-10 21:21:19 ===

[2026-01-10 21:21:38] [STDOUT] 管理员登录成功！
[2026-01-10 21:21:38] [STDOUT] 打开主窗口成功，权限级别: 5
=== 应用启动时间: 2026-01-10 21:22:55 ===

=== 应用启动时间: 2026-01-10 21:29:18 ===

[2026-01-10 21:29:34] [STDOUT] 管理员登录成功！
[2026-01-10 21:29:34] [STDOUT] 打开主窗口成功，权限级别: 5
[2026-01-10 21:29:36] [STDOUT] 添加可用摄像头: 前门摄像头 (索引 0)
[2026-01-10 21:29:36] [STDOUT] 添加可用摄像头: 客厅摄像头 (索引 1)
[2026-01-10 21:29:36] [STDOUT] 添加不可用摄像头占位: 公园摄像头 (索引 2)
[2026-01-10 21:29:36] [STDOUT] 添加不可用摄像头占位: 厨房摄像头 (索引 3)
[2026-01-10 21:29:36] [STDOUT] 音频报警管理器初始化完成
[2026-01-10 21:29:36] [STDOUT] 成功创建摄像头: 前门摄像头 (索引 0)
[2026-01-10 21:29:36] [STDOUT] 成功创建摄像头: 客厅摄像头 (索引 1)
[2026-01-10 21:29:37] [STDOUT] 创建摄像头 公园摄像头 (索引 2) 失败: 无法打开摄像头索引 2。
[2026-01-10 21:29:37] [STDOUT] 摄像头 公园摄像头 (索引 2) 创建失败，已创建占位组件
[2026-01-10 21:29:37] [STDOUT] 创建摄像头 厨房摄像头 (索引 3) 失败: 无法打开摄像头索引 3。
[2026-01-10 21:29:37] [STDOUT] 摄像头 厨房摄像头 (索引 3) 创建失败，已创建占位组件
[2026-01-10 21:29:37] [STDOUT] 
警告: 2 个摄像头创建失败:
[2026-01-10 21:29:37] [STDOUT]   - 公园摄像头 (索引 2): 创建失败
[2026-01-10 21:29:37] [STDOUT]   - 厨房摄像头 (索引 3): 创建失败
[2026-01-10 21:29:37] [STDOUT] 
提示: 如果安装了OBS虚拟摄像头插件，可能需要:
[2026-01-10 21:29:37] [STDOUT]   1. 检查设备管理器中的摄像头设备
[2026-01-10 21:29:37] [STDOUT]   2. 尝试使用其他摄像头索引
[2026-01-10 21:29:37] [STDOUT]   3. 临时禁用OBS虚拟摄像头插件
[2026-01-10 21:30:15] [STDOUT] 切换到配置管理模式
[2026-01-10 21:30:33] [STDOUT] 停止检测器时出错: wrapped C/C++ object of type AppLogger has been deleted
[2026-01-10 21:30:33] [STDOUT] 停止检测器时出错: wrapped C/C++ object of type AppLogger has been deleted
=== 应用启动时间: 2026-01-10 21:34:05 ===

[2026-01-10 21:34:22] [STDOUT] 管理员登录成功！
[2026-01-10 21:34:22] [STDOUT] 打开主窗口成功，权限级别: 5
=== 应用启动时间: 2026-01-10 21:41:25 ===

[2026-01-10 21:41:39] [STDOUT] 管理员登录成功！
[2026-01-10 21:41:39] [STDOUT] 打开主窗口成功，权限级别: 5
[2026-01-10 21:41:41] [STDOUT] 添加可用摄像头: 前门摄像头 (索引 0)
[2026-01-10 21:41:41] [STDOUT] 添加可用摄像头: 客厅摄像头 (索引 1)
[2026-01-10 21:41:41] [STDOUT] 添加不可用摄像头占位: 公园摄像头 (索引 2)
[2026-01-10 21:41:41] [STDOUT] 添加不可用摄像头占位: 厨房摄像头 (索引 3)
[2026-01-10 21:41:42] [STDOUT] 音频报警管理器初始化完成
[2026-01-10 21:41:42] [STDOUT] 成功创建摄像头: 前门摄像头 (索引 0)
[2026-01-10 21:41:42] [STDOUT] 成功创建摄像头: 客厅摄像头 (索引 1)
[2026-01-10 21:41:42] [STDOUT] 创建摄像头 公园摄像头 (索引 2) 失败: 无法打开摄像头索引 2。
[2026-01-10 21:41:42] [STDOUT] 摄像头 公园摄像头 (索引 2) 创建失败，已创建占位组件
[2026-01-10 21:41:42] [STDOUT] 创建摄像头 厨房摄像头 (索引 3) 失败: 无法打开摄像头索引 3。
[2026-01-10 21:41:42] [STDOUT] 摄像头 厨房摄像头 (索引 3) 创建失败，已创建占位组件
[2026-01-10 21:41:42] [STDOUT] 
警告: 2 个摄像头创建失败:
[2026-01-10 21:41:42] [STDOUT]   - 公园摄像头 (索引 2): 创建失败
[2026-01-10 21:41:42] [STDOUT]   - 厨房摄像头 (索引 3): 创建失败
[2026-01-10 21:41:42] [STDOUT] 
提示: 如果安装了OBS虚拟摄像头插件，可能需要:
[2026-01-10 21:41:42] [STDOUT]   1. 检查设备管理器中的摄像头设备
[2026-01-10 21:41:42] [STDOUT]   2. 尝试使用其他摄像头索引
[2026-01-10 21:41:42] [STDOUT]   3. 临时禁用OBS虚拟摄像头插件
[2026-01-10 21:41:44] [STDOUT] 切换到配置管理模式
[2026-01-10 21:42:11] [STDOUT] 切换到用户管理模式
[2026-01-10 21:42:13] [STDOUT] 开始播放警报音频
[2026-01-10 21:42:20] [STDOUT] 开始播放警报音频
[2026-01-10 21:42:28] [STDOUT] 切换到摄像头检测模式，当前索引: 2
[2026-01-10 21:42:28] [STDOUT] 切换后索引: 0
[2026-01-10 21:42:29] [STDOUT] 切换到配置管理模式
=== 应用启动时间: 2026-01-10 21:42:57 ===

[2026-01-10 21:43:15] [STDOUT] 111111
[2026-01-10 21:43:15] [STDOUT] 所有用户信息：
[2026-01-10 21:43:15] [STDOUT] {'id': 2, 'name': 'aaa', 'phone': '13079881110', 'email': '322346@116.com', 'password': '8d969eef6ecad3c29a3a629280e686cf0c3f5d5a86aff3ca12020c923adc6c92', 'permission_level': 5}
[2026-01-10 21:43:15] [STDOUT] {'id': 5, 'name': 'aaa', 'phone': '17879889000', 'email': '128746@116.com', 'password': '8d969eef6ecad3c29a3a629280e686cf0c3f5d5a86aff3ca12020c923adc6c92', 'permission_level': 5}
[2026-01-10 21:43:15] [STDOUT] {'id': 6, 'name': 'aaa', 'phone': '18279881110', 'email': '987346@116.com', 'password': '8d969eef6ecad3c29a3a629280e686cf0c3f5d5a86aff3ca12020c923adc6c92', 'permission_level': 5}
[2026-01-10 21:43:15] [STDOUT] {'id': 8, 'name': 'ccc', 'phone': '09876543212', 'email': '0900@qwe.com', 'password': 'fa32e1c7a49edbba205163989bcafa5d2e5a91d0da96900e8e34ae60e88bd926', 'permission_level': 0}
[2026-01-10 21:43:15] [STDOUT] {'id': 9, 'name': 'dcdc', 'phone': '23456789012', 'email': '1231@aaa.com', 'password': 'fa32e1c7a49edbba205163989bcafa5d2e5a91d0da96900e8e34ae60e88bd926', 'permission_level': 0}
[2026-01-10 21:43:15] [STDOUT] {'id': 10, 'name': 'eedeee', 'phone': '45678901234', 'email': 'jgdg@123.com', 'password': 'fa32e1c7a49edbba205163989bcafa5d2e5a91d0da96900e8e34ae60e88bd926', 'permission_level': 0}
[2026-01-10 21:43:15] [STDOUT] {'id': 11, 'name': '张三', 'phone': '89012345678', 'email': 'zxzxc@qq.com', 'password': 'dfdfc6d13fea1dfa0cfd8acfb36b3047abda84d77e3c6cf68f79dbac14b95006', 'permission_level': 0}
[2026-01-10 21:43:15] [STDOUT] {'id': 13, 'name': 'zhangsan', 'phone': '76543210987', 'email': 'sdcsv@qcv.com', 'password': '08e667ee9093dc489c80c2eb6fa9aebe75e5e5e5c9b92e777586357ca43625a4', 'permission_level': 0}
[2026-01-10 21:43:15] [STDOUT] {'id': 15, 'name': '权限zero', 'phone': '00000000000', 'email': '9123426@116.com', 'password': '123456', 'permission_level': 0}
[2026-01-10 21:43:15] [STDOUT] {'id': 16, 'name': '权限zero', 'phone': '10000000000', 'email': '9122326@116.com', 'password': '8d969eef6ecad3c29a3a629280e686cf0c3f5d5a86aff3ca12020c923adc6c92', 'permission_level': 0}
[2026-01-10 21:43:15] [STDOUT] {'id': 19, 'name': '权限tow', 'phone': '22222222222', 'email': '1233326@116.com', 'password': '08e667ee9093dc489c80c2eb6fa9aebe75e5e5e5c9b92e777586357ca43625a4', 'permission_level': 2}
[2026-01-10 21:43:15] [STDOUT] {'id': 20, 'name': '权限one', 'phone': '11111111111', 'email': '932326@116.com', 'password': '08e667ee9093dc489c80c2eb6fa9aebe75e5e5e5c9b92e777586357ca43625a4', 'permission_level': 1}
[2026-01-10 21:43:15] [STDOUT] {'id': 21, 'name': 'jngjnq', 'phone': '13333333333', 'email': '213123@123.com', 'password': 'fa32e1c7a49edbba205163989bcafa5d2e5a91d0da96900e8e34ae60e88bd926', 'permission_level': 0}
[2026-01-10 21:43:15] [STDOUT] {'id': 23, 'name': 'qwert', 'phone': '44449999000', 'email': '12ff@273.com', 'password': '08e667ee9093dc489c80c2eb6fa9aebe75e5e5e5c9b92e777586357ca43625a4', 'permission_level': 4}
[2026-01-10 21:43:15] [STDOUT] {'id': 26, 'name': '权限five', 'phone': '55555555555', 'email': '55555@qqq.com', 'password': '08e667ee9093dc489c80c2eb6fa9aebe75e5e5e5c9b92e777586357ca43625a4', 'permission_level': 0}
[2026-01-10 21:43:15] [STDOUT] {'id': 27, 'name': '权限five', 'phone': '55555555556', 'email': '935526@555.com', 'password': '08e667ee9093dc489c80c2eb6fa9aebe75e5e5e5c9b92e777586357ca43625a4', 'permission_level': 5}
[2026-01-10 21:43:15] [STDOUT] 登录信息：
[2026-01-10 21:43:15] [STDOUT] {'id': 26, 'name': '权限five', 'phone': '55555555555', 'email': '55555@qqq.com', 'password': '08e667ee9093dc489c80c2eb6fa9aebe75e5e5e5c9b92e777586357ca43625a4', 'permission_level': 0}
[2026-01-10 21:43:15] [STDOUT] 查询成功
[2026-01-10 21:43:15] [STDOUT] user_phone: 55555555555, user_password: 08e667ee9093dc489c80c2eb6fa9aebe75e5e5e5c9b92e777586357ca43625a4, 
input_phone: 55555555555, input_hashlib_password: 08e667ee9093dc489c80c2eb6fa9aebe75e5e5e5c9b92e777586357ca43625a4, input_password: 12345678m
[2026-01-10 21:43:15] [STDOUT] 登录成功！
[2026-01-10 21:43:15] [STDOUT] 用户权限级别: 0
[2026-01-10 21:43:15] [STDOUT] 打开主窗口成功，权限级别: 0
[2026-01-10 21:43:17] [STDOUT] 添加可用摄像头: 前门摄像头 (索引 0)
[2026-01-10 21:43:17] [STDOUT] 音频报警管理器初始化完成
[2026-01-10 21:43:17] [STDOUT] 成功创建摄像头: 前门摄像头 (索引 0)
[2026-01-10 21:43:20] [STDOUT] 切换到视频处理模式，当前索引: 0
[2026-01-10 21:43:20] [STDOUT] 切换后索引: 1
[2026-01-10 21:43:21] [STDOUT] 切换到摄像头检测模式，当前索引: 1
[2026-01-10 21:43:21] [STDOUT] 切换后索引: 0
[2026-01-10 21:43:23] [STDOUT] 切换到视频处理模式，当前索引: 0
[2026-01-10 21:43:23] [STDOUT] 切换后索引: 1
[2026-01-10 21:43:23] [STDOUT] 切换到摄像头检测模式，当前索引: 1
[2026-01-10 21:43:23] [STDOUT] 切换后索引: 0
[2026-01-10 21:43:25] [STDOUT] 切换到视频处理模式，当前索引: 0
[2026-01-10 21:43:25] [STDOUT] 切换后索引: 1
[2026-01-10 21:43:25] [STDOUT] 切换到摄像头检测模式，当前索引: 1
[2026-01-10 21:43:25] [STDOUT] 切换后索引: 0
=== 应用启动时间: 2026-01-10 21:45:35 ===

[2026-01-10 21:45:48] [STDOUT] 111111
[2026-01-10 21:45:48] [STDOUT] 所有用户信息：
[2026-01-10 21:45:48] [STDOUT] {'id': 2, 'name': 'aaa', 'phone': '13079881110', 'email': '322346@116.com', 'password': '8d969eef6ecad3c29a3a629280e686cf0c3f5d5a86aff3ca12020c923adc6c92', 'permission_level': 5}
[2026-01-10 21:45:48] [STDOUT] {'id': 5, 'name': 'aaa', 'phone': '17879889000', 'email': '128746@116.com', 'password': '8d969eef6ecad3c29a3a629280e686cf0c3f5d5a86aff3ca12020c923adc6c92', 'permission_level': 5}
[2026-01-10 21:45:48] [STDOUT] {'id': 6, 'name': 'aaa', 'phone': '18279881110', 'email': '987346@116.com', 'password': '8d969eef6ecad3c29a3a629280e686cf0c3f5d5a86aff3ca12020c923adc6c92', 'permission_level': 5}
[2026-01-10 21:45:48] [STDOUT] {'id': 8, 'name': 'ccc', 'phone': '09876543212', 'email': '0900@qwe.com', 'password': 'fa32e1c7a49edbba205163989bcafa5d2e5a91d0da96900e8e34ae60e88bd926', 'permission_level': 0}
[2026-01-10 21:45:48] [STDOUT] {'id': 9, 'name': 'dcdc', 'phone': '23456789012', 'email': '1231@aaa.com', 'password': 'fa32e1c7a49edbba205163989bcafa5d2e5a91d0da96900e8e34ae60e88bd926', 'permission_level': 0}
[2026-01-10 21:45:48] [STDOUT] {'id': 10, 'name': 'eedeee', 'phone': '45678901234', 'email': 'jgdg@123.com', 'password': 'fa32e1c7a49edbba205163989bcafa5d2e5a91d0da96900e8e34ae60e88bd926', 'permission_level': 0}
[2026-01-10 21:45:48] [STDOUT] {'id': 11, 'name': '张三', 'phone': '89012345678', 'email': 'zxzxc@qq.com', 'password': 'dfdfc6d13fea1dfa0cfd8acfb36b3047abda84d77e3c6cf68f79dbac14b95006', 'permission_level': 0}
[2026-01-10 21:45:48] [STDOUT] {'id': 13, 'name': 'zhangsan', 'phone': '76543210987', 'email': 'sdcsv@qcv.com', 'password': '08e667ee9093dc489c80c2eb6fa9aebe75e5e5e5c9b92e777586357ca43625a4', 'permission_level': 0}
[2026-01-10 21:45:48] [STDOUT] {'id': 15, 'name': '权限zero', 'phone': '00000000000', 'email': '9123426@116.com', 'password': '123456', 'permission_level': 0}
[2026-01-10 21:45:48] [STDOUT] {'id': 16, 'name': '权限zero', 'phone': '10000000000', 'email': '9122326@116.com', 'password': '8d969eef6ecad3c29a3a629280e686cf0c3f5d5a86aff3ca12020c923adc6c92', 'permission_level': 0}
[2026-01-10 21:45:48] [STDOUT] {'id': 19, 'name': '权限tow', 'phone': '22222222222', 'email': '1233326@116.com', 'password': '08e667ee9093dc489c80c2eb6fa9aebe75e5e5e5c9b92e777586357ca43625a4', 'permission_level': 2}
[2026-01-10 21:45:48] [STDOUT] {'id': 20, 'name': '权限one', 'phone': '11111111111', 'email': '932326@116.com', 'password': '08e667ee9093dc489c80c2eb6fa9aebe75e5e5e5c9b92e777586357ca43625a4', 'permission_level': 1}
[2026-01-10 21:45:48] [STDOUT] {'id': 21, 'name': 'jngjnq', 'phone': '13333333333', 'email': '213123@123.com', 'password': 'fa32e1c7a49edbba205163989bcafa5d2e5a91d0da96900e8e34ae60e88bd926', 'permission_level': 0}
[2026-01-10 21:45:48] [STDOUT] {'id': 23, 'name': 'qwert', 'phone': '44449999000', 'email': '12ff@273.com', 'password': '08e667ee9093dc489c80c2eb6fa9aebe75e5e5e5c9b92e777586357ca43625a4', 'permission_level': 4}
[2026-01-10 21:45:48] [STDOUT] {'id': 26, 'name': '权限five', 'phone': '55555555555', 'email': '55555@qqq.com', 'password': '08e667ee9093dc489c80c2eb6fa9aebe75e5e5e5c9b92e777586357ca43625a4', 'permission_level': 0}
[2026-01-10 21:45:48] [STDOUT] {'id': 27, 'name': '权限five', 'phone': '55555555556', 'email': '935526@555.com', 'password': '08e667ee9093dc489c80c2eb6fa9aebe75e5e5e5c9b92e777586357ca43625a4', 'permission_level': 5}
[2026-01-10 21:45:48] [STDOUT] 登录信息：
[2026-01-10 21:45:48] [STDOUT] {'id': 23, 'name': 'qwert', 'phone': '44449999000', 'email': '12ff@273.com', 'password': '08e667ee9093dc489c80c2eb6fa9aebe75e5e5e5c9b92e777586357ca43625a4', 'permission_level': 4}
[2026-01-10 21:45:48] [STDOUT] 查询成功
[2026-01-10 21:45:48] [STDOUT] user_phone: 44449999000, user_password: 08e667ee9093dc489c80c2eb6fa9aebe75e5e5e5c9b92e777586357ca43625a4, 
input_phone: 44449999000, input_hashlib_password: 08e667ee9093dc489c80c2eb6fa9aebe75e5e5e5c9b92e777586357ca43625a4, input_password: 12345678m
[2026-01-10 21:45:48] [STDOUT] 登录成功！
[2026-01-10 21:45:48] [STDOUT] 用户权限级别: 4
[2026-01-10 21:45:48] [STDOUT] 打开主窗口成功，权限级别: 4
[2026-01-10 21:45:50] [STDOUT] 添加可用摄像头: 前门摄像头 (索引 0)
[2026-01-10 21:45:50] [STDOUT] 添加可用摄像头: 客厅摄像头 (索引 1)
[2026-01-10 21:45:50] [STDOUT] 添加不可用摄像头占位: 公园摄像头 (索引 2)
[2026-01-10 21:45:50] [STDOUT] 添加不可用摄像头占位: 厨房摄像头 (索引 3)
[2026-01-10 21:45:50] [STDOUT] 音频报警管理器初始化完成
[2026-01-10 21:45:50] [STDOUT] 成功创建摄像头: 前门摄像头 (索引 0)
[2026-01-10 21:45:51] [STDOUT] 成功创建摄像头: 客厅摄像头 (索引 1)
[2026-01-10 21:45:51] [STDOUT] 创建摄像头 公园摄像头 (索引 2) 失败: 无法打开摄像头索引 2。
[2026-01-10 21:45:51] [STDOUT] 摄像头 公园摄像头 (索引 2) 创建失败，已创建占位组件
[2026-01-10 21:45:51] [STDOUT] 创建摄像头 厨房摄像头 (索引 3) 失败: 无法打开摄像头索引 3。
[2026-01-10 21:45:51] [STDOUT] 摄像头 厨房摄像头 (索引 3) 创建失败，已创建占位组件
[2026-01-10 21:45:51] [STDOUT] 
警告: 2 个摄像头创建失败:
[2026-01-10 21:45:51] [STDOUT]   - 公园摄像头 (索引 2): 创建失败
[2026-01-10 21:45:51] [STDOUT]   - 厨房摄像头 (索引 3): 创建失败
[2026-01-10 21:45:51] [STDOUT] 
提示: 如果安装了OBS虚拟摄像头插件，可能需要:
[2026-01-10 21:45:51] [STDOUT]   1. 检查设备管理器中的摄像头设备
[2026-01-10 21:45:51] [STDOUT]   2. 尝试使用其他摄像头索引
[2026-01-10 21:45:51] [STDOUT]   3. 临时禁用OBS虚拟摄像头插件
[2026-01-10 21:45:59] [STDOUT] 切换到视频处理模式，当前索引: 0
[2026-01-10 21:45:59] [STDOUT] 切换后索引: 1
[2026-01-10 21:45:59] [STDOUT] 切换到摄像头检测模式，当前索引: 1
[2026-01-10 21:45:59] [STDOUT] 切换后索引: 0
=== 应用启动时间: 2026-01-10 21:46:12 ===

[2026-01-10 21:46:27] [STDOUT] 111111
[2026-01-10 21:46:27] [STDOUT] 所有用户信息：
[2026-01-10 21:46:27] [STDOUT] {'id': 2, 'name': 'aaa', 'phone': '13079881110', 'email': '322346@116.com', 'password': '8d969eef6ecad3c29a3a629280e686cf0c3f5d5a86aff3ca12020c923adc6c92', 'permission_level': 5}
[2026-01-10 21:46:27] [STDOUT] {'id': 5, 'name': 'aaa', 'phone': '17879889000', 'email': '128746@116.com', 'password': '8d969eef6ecad3c29a3a629280e686cf0c3f5d5a86aff3ca12020c923adc6c92', 'permission_level': 5}
[2026-01-10 21:46:27] [STDOUT] {'id': 6, 'name': 'aaa', 'phone': '18279881110', 'email': '987346@116.com', 'password': '8d969eef6ecad3c29a3a629280e686cf0c3f5d5a86aff3ca12020c923adc6c92', 'permission_level': 5}
[2026-01-10 21:46:27] [STDOUT] {'id': 8, 'name': 'ccc', 'phone': '09876543212', 'email': '0900@qwe.com', 'password': 'fa32e1c7a49edbba205163989bcafa5d2e5a91d0da96900e8e34ae60e88bd926', 'permission_level': 0}
[2026-01-10 21:46:27] [STDOUT] {'id': 9, 'name': 'dcdc', 'phone': '23456789012', 'email': '1231@aaa.com', 'password': 'fa32e1c7a49edbba205163989bcafa5d2e5a91d0da96900e8e34ae60e88bd926', 'permission_level': 0}
[2026-01-10 21:46:27] [STDOUT] {'id': 10, 'name': 'eedeee', 'phone': '45678901234', 'email': 'jgdg@123.com', 'password': 'fa32e1c7a49edbba205163989bcafa5d2e5a91d0da96900e8e34ae60e88bd926', 'permission_level': 0}
[2026-01-10 21:46:27] [STDOUT] {'id': 11, 'name': '张三', 'phone': '89012345678', 'email': 'zxzxc@qq.com', 'password': 'dfdfc6d13fea1dfa0cfd8acfb36b3047abda84d77e3c6cf68f79dbac14b95006', 'permission_level': 0}
[2026-01-10 21:46:27] [STDOUT] {'id': 13, 'name': 'zhangsan', 'phone': '76543210987', 'email': 'sdcsv@qcv.com', 'password': '08e667ee9093dc489c80c2eb6fa9aebe75e5e5e5c9b92e777586357ca43625a4', 'permission_level': 0}
[2026-01-10 21:46:27] [STDOUT] {'id': 15, 'name': '权限zero', 'phone': '00000000000', 'email': '9123426@116.com', 'password': '123456', 'permission_level': 0}
[2026-01-10 21:46:27] [STDOUT] {'id': 16, 'name': '权限zero', 'phone': '10000000000', 'email': '9122326@116.com', 'password': '8d969eef6ecad3c29a3a629280e686cf0c3f5d5a86aff3ca12020c923adc6c92', 'permission_level': 0}
[2026-01-10 21:46:27] [STDOUT] {'id': 19, 'name': '权限tow', 'phone': '22222222222', 'email': '1233326@116.com', 'password': '08e667ee9093dc489c80c2eb6fa9aebe75e5e5e5c9b92e777586357ca43625a4', 'permission_level': 2}
[2026-01-10 21:46:27] [STDOUT] {'id': 20, 'name': '权限one', 'phone': '11111111111', 'email': '932326@116.com', 'password': '08e667ee9093dc489c80c2eb6fa9aebe75e5e5e5c9b92e777586357ca43625a4', 'permission_level': 1}
[2026-01-10 21:46:27] [STDOUT] {'id': 21, 'name': 'jngjnq', 'phone': '13333333333', 'email': '213123@123.com', 'password': 'fa32e1c7a49edbba205163989bcafa5d2e5a91d0da96900e8e34ae60e88bd926', 'permission_level': 0}
[2026-01-10 21:46:27] [STDOUT] {'id': 23, 'name': 'qwert', 'phone': '44449999000', 'email': '12ff@273.com', 'password': '08e667ee9093dc489c80c2eb6fa9aebe75e5e5e5c9b92e777586357ca43625a4', 'permission_level': 4}
[2026-01-10 21:46:27] [STDOUT] {'id': 26, 'name': '权限five', 'phone': '55555555555', 'email': '55555@qqq.com', 'password': '08e667ee9093dc489c80c2eb6fa9aebe75e5e5e5c9b92e777586357ca43625a4', 'permission_level': 0}
[2026-01-10 21:46:27] [STDOUT] {'id': 27, 'name': '权限five', 'phone': '55555555556', 'email': '935526@555.com', 'password': '08e667ee9093dc489c80c2eb6fa9aebe75e5e5e5c9b92e777586357ca43625a4', 'permission_level': 5}
[2026-01-10 21:46:27] [STDOUT] 登录信息：
[2026-01-10 21:46:27] [STDOUT] {'id': 27, 'name': '权限five', 'phone': '55555555556', 'email': '935526@555.com', 'password': '08e667ee9093dc489c80c2eb6fa9aebe75e5e5e5c9b92e777586357ca43625a4', 'permission_level': 5}
[2026-01-10 21:46:27] [STDOUT] 查询成功
[2026-01-10 21:46:27] [STDOUT] user_phone: 55555555556, user_password: 08e667ee9093dc489c80c2eb6fa9aebe75e5e5e5c9b92e777586357ca43625a4, 
input_phone: 55555555556, input_hashlib_password: 08e667ee9093dc489c80c2eb6fa9aebe75e5e5e5c9b92e777586357ca43625a4, input_password: 12345678m
[2026-01-10 21:46:27] [STDOUT] 登录成功！
[2026-01-10 21:46:27] [STDOUT] 用户权限级别: 5
[2026-01-10 21:46:27] [STDOUT] 打开主窗口成功，权限级别: 5
[2026-01-10 21:46:29] [STDOUT] 添加可用摄像头: 前门摄像头 (索引 0)
[2026-01-10 21:46:29] [STDOUT] 添加可用摄像头: 客厅摄像头 (索引 1)
[2026-01-10 21:46:29] [STDOUT] 添加不可用摄像头占位: 公园摄像头 (索引 2)
[2026-01-10 21:46:29] [STDOUT] 添加不可用摄像头占位: 厨房摄像头 (索引 3)
[2026-01-10 21:46:30] [STDOUT] 音频报警管理器初始化完成
[2026-01-10 21:46:30] [STDOUT] 成功创建摄像头: 前门摄像头 (索引 0)
[2026-01-10 21:46:30] [STDOUT] 成功创建摄像头: 客厅摄像头 (索引 1)
[2026-01-10 21:46:30] [STDOUT] 创建摄像头 公园摄像头 (索引 2) 失败: 无法打开摄像头索引 2。
[2026-01-10 21:46:30] [STDOUT] 摄像头 公园摄像头 (索引 2) 创建失败，已创建占位组件
[2026-01-10 21:46:30] [STDOUT] 创建摄像头 厨房摄像头 (索引 3) 失败: 无法打开摄像头索引 3。
[2026-01-10 21:46:30] [STDOUT] 摄像头 厨房摄像头 (索引 3) 创建失败，已创建占位组件
[2026-01-10 21:46:30] [STDOUT] 
警告: 2 个摄像头创建失败:
[2026-01-10 21:46:30] [STDOUT]   - 公园摄像头 (索引 2): 创建失败
[2026-01-10 21:46:30] [STDOUT]   - 厨房摄像头 (索引 3): 创建失败
[2026-01-10 21:46:30] [STDOUT] 
提示: 如果安装了OBS虚拟摄像头插件，可能需要:
[2026-01-10 21:46:30] [STDOUT]   1. 检查设备管理器中的摄像头设备
[2026-01-10 21:46:30] [STDOUT]   2. 尝试使用其他摄像头索引
[2026-01-10 21:46:30] [STDOUT]   3. 临时禁用OBS虚拟摄像头插件
[2026-01-10 21:46:37] [STDOUT] 停止检测器时出错: wrapped C/C++ object of type AppLogger has been deleted
[2026-01-10 21:46:37] [STDOUT] 停止检测器时出错: wrapped C/C++ object of type AppLogger has been deleted
=== 应用启动时间: 2026-01-10 21:49:52 ===

[2026-01-10 21:51:02] [STDOUT] 111111
[2026-01-10 21:51:02] [STDOUT] 所有用户信息：
[2026-01-10 21:51:02] [STDOUT] {'id': 2, 'name': 'aaa', 'phone': '13079881110', 'email': '322346@116.com', 'password': '8d969eef6ecad3c29a3a629280e686cf0c3f5d5a86aff3ca12020c923adc6c92', 'permission_level': 5}
[2026-01-10 21:51:02] [STDOUT] {'id': 5, 'name': 'aaa', 'phone': '17879889000', 'email': '128746@116.com', 'password': '8d969eef6ecad3c29a3a629280e686cf0c3f5d5a86aff3ca12020c923adc6c92', 'permission_level': 5}
[2026-01-10 21:51:02] [STDOUT] {'id': 6, 'name': 'aaa', 'phone': '18279881110', 'email': '987346@116.com', 'password': '8d969eef6ecad3c29a3a629280e686cf0c3f5d5a86aff3ca12020c923adc6c92', 'permission_level': 5}
[2026-01-10 21:51:02] [STDOUT] {'id': 8, 'name': 'ccc', 'phone': '09876543212', 'email': '0900@qwe.com', 'password': 'fa32e1c7a49edbba205163989bcafa5d2e5a91d0da96900e8e34ae60e88bd926', 'permission_level': 0}
[2026-01-10 21:51:02] [STDOUT] {'id': 9, 'name': 'dcdc', 'phone': '23456789012', 'email': '1231@aaa.com', 'password': 'fa32e1c7a49edbba205163989bcafa5d2e5a91d0da96900e8e34ae60e88bd926', 'permission_level': 0}
[2026-01-10 21:51:02] [STDOUT] {'id': 10, 'name': 'eedeee', 'phone': '45678901234', 'email': 'jgdg@123.com', 'password': 'fa32e1c7a49edbba205163989bcafa5d2e5a91d0da96900e8e34ae60e88bd926', 'permission_level': 0}
[2026-01-10 21:51:02] [STDOUT] {'id': 11, 'name': '张三', 'phone': '89012345678', 'email': 'zxzxc@qq.com', 'password': 'dfdfc6d13fea1dfa0cfd8acfb36b3047abda84d77e3c6cf68f79dbac14b95006', 'permission_level': 0}
[2026-01-10 21:51:02] [STDOUT] {'id': 13, 'name': 'zhangsan', 'phone': '76543210987', 'email': 'sdcsv@qcv.com', 'password': '08e667ee9093dc489c80c2eb6fa9aebe75e5e5e5c9b92e777586357ca43625a4', 'permission_level': 0}
[2026-01-10 21:51:02] [STDOUT] {'id': 15, 'name': '权限zero', 'phone': '00000000000', 'email': '9123426@116.com', 'password': '123456', 'permission_level': 0}
[2026-01-10 21:51:02] [STDOUT] {'id': 16, 'name': '权限zero', 'phone': '10000000000', 'email': '9122326@116.com', 'password': '8d969eef6ecad3c29a3a629280e686cf0c3f5d5a86aff3ca12020c923adc6c92', 'permission_level': 0}
[2026-01-10 21:51:02] [STDOUT] {'id': 19, 'name': '权限tow', 'phone': '22222222222', 'email': '1233326@116.com', 'password': '08e667ee9093dc489c80c2eb6fa9aebe75e5e5e5c9b92e777586357ca43625a4', 'permission_level': 2}
[2026-01-10 21:51:02] [STDOUT] {'id': 20, 'name': '权限one', 'phone': '11111111111', 'email': '932326@116.com', 'password': '08e667ee9093dc489c80c2eb6fa9aebe75e5e5e5c9b92e777586357ca43625a4', 'permission_level': 1}
[2026-01-10 21:51:02] [STDOUT] {'id': 21, 'name': 'jngjnq', 'phone': '13333333333', 'email': '213123@123.com', 'password': 'fa32e1c7a49edbba205163989bcafa5d2e5a91d0da96900e8e34ae60e88bd926', 'permission_level': 0}
[2026-01-10 21:51:02] [STDOUT] {'id': 23, 'name': 'qwert', 'phone': '44449999000', 'email': '12ff@273.com', 'password': '08e667ee9093dc489c80c2eb6fa9aebe75e5e5e5c9b92e777586357ca43625a4', 'permission_level': 4}
[2026-01-10 21:51:02] [STDOUT] {'id': 26, 'name': '权限five', 'phone': '55555555555', 'email': '55555@qqq.com', 'password': '08e667ee9093dc489c80c2eb6fa9aebe75e5e5e5c9b92e777586357ca43625a4', 'permission_level': 0}
[2026-01-10 21:51:02] [STDOUT] {'id': 27, 'name': '权限five', 'phone': '55555555556', 'email': '935526@555.com', 'password': '08e667ee9093dc489c80c2eb6fa9aebe75e5e5e5c9b92e777586357ca43625a4', 'permission_level': 5}
[2026-01-10 21:51:02] [STDOUT] 登录信息：
[2026-01-10 21:51:02] [STDOUT] {'id': 27, 'name': '权限five', 'phone': '55555555556', 'email': '935526@555.com', 'password': '08e667ee9093dc489c80c2eb6fa9aebe75e5e5e5c9b92e777586357ca43625a4', 'permission_level': 5}
[2026-01-10 21:51:02] [STDOUT] 查询成功
[2026-01-10 21:51:02] [STDOUT] user_phone: 55555555556, user_password: 08e667ee9093dc489c80c2eb6fa9aebe75e5e5e5c9b92e777586357ca43625a4, 
input_phone: 55555555556, input_hashlib_password: 08e667ee9093dc489c80c2eb6fa9aebe75e5e5e5c9b92e777586357ca43625a4, input_password: 12345678m
[2026-01-10 21:51:02] [STDOUT] 用户权限级别: 5
[2026-01-10 21:51:02] [STDOUT] 权限5用户请使用管理员登录界面
[2026-01-10 21:51:17] [STDOUT] 111111
[2026-01-10 21:51:17] [STDOUT] 所有用户信息：
[2026-01-10 21:51:17] [STDOUT] {'id': 2, 'name': 'aaa', 'phone': '13079881110', 'email': '322346@116.com', 'password': '8d969eef6ecad3c29a3a629280e686cf0c3f5d5a86aff3ca12020c923adc6c92', 'permission_level': 5}
[2026-01-10 21:51:17] [STDOUT] {'id': 5, 'name': 'aaa', 'phone': '17879889000', 'email': '128746@116.com', 'password': '8d969eef6ecad3c29a3a629280e686cf0c3f5d5a86aff3ca12020c923adc6c92', 'permission_level': 5}
[2026-01-10 21:51:17] [STDOUT] {'id': 6, 'name': 'aaa', 'phone': '18279881110', 'email': '987346@116.com', 'password': '8d969eef6ecad3c29a3a629280e686cf0c3f5d5a86aff3ca12020c923adc6c92', 'permission_level': 5}
[2026-01-10 21:51:17] [STDOUT] {'id': 8, 'name': 'ccc', 'phone': '09876543212', 'email': '0900@qwe.com', 'password': 'fa32e1c7a49edbba205163989bcafa5d2e5a91d0da96900e8e34ae60e88bd926', 'permission_level': 0}
[2026-01-10 21:51:17] [STDOUT] {'id': 9, 'name': 'dcdc', 'phone': '23456789012', 'email': '1231@aaa.com', 'password': 'fa32e1c7a49edbba205163989bcafa5d2e5a91d0da96900e8e34ae60e88bd926', 'permission_level': 0}
[2026-01-10 21:51:17] [STDOUT] {'id': 10, 'name': 'eedeee', 'phone': '45678901234', 'email': 'jgdg@123.com', 'password': 'fa32e1c7a49edbba205163989bcafa5d2e5a91d0da96900e8e34ae60e88bd926', 'permission_level': 0}
[2026-01-10 21:51:17] [STDOUT] {'id': 11, 'name': '张三', 'phone': '89012345678', 'email': 'zxzxc@qq.com', 'password': 'dfdfc6d13fea1dfa0cfd8acfb36b3047abda84d77e3c6cf68f79dbac14b95006', 'permission_level': 0}
[2026-01-10 21:51:17] [STDOUT] {'id': 13, 'name': 'zhangsan', 'phone': '76543210987', 'email': 'sdcsv@qcv.com', 'password': '08e667ee9093dc489c80c2eb6fa9aebe75e5e5e5c9b92e777586357ca43625a4', 'permission_level': 0}
[2026-01-10 21:51:17] [STDOUT] {'id': 15, 'name': '权限zero', 'phone': '00000000000', 'email': '9123426@116.com', 'password': '123456', 'permission_level': 0}
[2026-01-10 21:51:17] [STDOUT] {'id': 16, 'name': '权限zero', 'phone': '10000000000', 'email': '9122326@116.com', 'password': '8d969eef6ecad3c29a3a629280e686cf0c3f5d5a86aff3ca12020c923adc6c92', 'permission_level': 0}
[2026-01-10 21:51:17] [STDOUT] {'id': 19, 'name': '权限tow', 'phone': '22222222222', 'email': '1233326@116.com', 'password': '08e667ee9093dc489c80c2eb6fa9aebe75e5e5e5c9b92e777586357ca43625a4', 'permission_level': 2}
[2026-01-10 21:51:17] [STDOUT] {'id': 20, 'name': '权限one', 'phone': '11111111111', 'email': '932326@116.com', 'password': '08e667ee9093dc489c80c2eb6fa9aebe75e5e5e5c9b92e777586357ca43625a4', 'permission_level': 1}
[2026-01-10 21:51:17] [STDOUT] {'id': 21, 'name': 'jngjnq', 'phone': '13333333333', 'email': '213123@123.com', 'password': 'fa32e1c7a49edbba205163989bcafa5d2e5a91d0da96900e8e34ae60e88bd926', 'permission_level': 0}
[2026-01-10 21:51:17] [STDOUT] {'id': 23, 'name': 'qwert', 'phone': '44449999000', 'email': '12ff@273.com', 'password': '08e667ee9093dc489c80c2eb6fa9aebe75e5e5e5c9b92e777586357ca43625a4', 'permission_level': 4}
[2026-01-10 21:51:17] [STDOUT] {'id': 26, 'name': '权限five', 'phone': '55555555555', 'email': '55555@qqq.com', 'password': '08e667ee9093dc489c80c2eb6fa9aebe75e5e5e5c9b92e777586357ca43625a4', 'permission_level': 0}
[2026-01-10 21:51:17] [STDOUT] {'id': 27, 'name': '权限five', 'phone': '55555555556', 'email': '935526@555.com', 'password': '08e667ee9093dc489c80c2eb6fa9aebe75e5e5e5c9b92e777586357ca43625a4', 'permission_level': 5}
[2026-01-10 21:51:17] [STDOUT] 登录信息：
[2026-01-10 21:51:17] [STDOUT] {'id': 26, 'name': '权限five', 'phone': '55555555555', 'email': '55555@qqq.com', 'password': '08e667ee9093dc489c80c2eb6fa9aebe75e5e5e5c9b92e777586357ca43625a4', 'permission_level': 0}
[2026-01-10 21:51:17] [STDOUT] 查询成功
[2026-01-10 21:51:17] [STDOUT] user_phone: 55555555555, user_password: 08e667ee9093dc489c80c2eb6fa9aebe75e5e5e5c9b92e777586357ca43625a4, 
input_phone: 55555555555, input_hashlib_password: 08e667ee9093dc489c80c2eb6fa9aebe75e5e5e5c9b92e777586357ca43625a4, input_password: 12345678m
[2026-01-10 21:51:17] [STDOUT] 用户权限级别: 0
[2026-01-10 21:51:17] [STDOUT] 登录成功！
[2026-01-10 21:51:17] [STDOUT] 打开主窗口成功，权限级别: 0
[2026-01-10 21:51:19] [STDOUT] 添加可用摄像头: 前门摄像头 (索引 0)
[2026-01-10 21:51:20] [STDOUT] 音频报警管理器初始化完成
[2026-01-10 21:51:20] [STDOUT] 成功创建摄像头: 前门摄像头 (索引 0)
[2026-01-10 21:51:39] [STDOUT] 开始播放警报音频
